2026-03-31 15:19:03,810 - base_api.py - INFO - 请求地址：https://jsonplaceholder.typicode.com/posts/1
2026-03-31 15:19:03,811 - base_api.py - INFO - 请求方式：GET
2026-03-31 15:19:03,811 - base_api.py - INFO - 请求参数：{'headers': {'Content-Type': 'application/json'}}
2026-03-31 15:19:06,442 - base_api.py - INFO - 响应状态码：200
2026-03-31 15:19:06,442 - base_api.py - INFO - 响应结果：{
  "userId": 1,
  "id": 1,
  "title": "sunt aut facere repellat provident occaecati excepturi optio reprehenderit",
  "body": "quia et suscipit\nsuscipit recusandae consequuntur expedita et cum\nreprehenderit molestiae ut ut quas totam\nnostrum rerum est autem sunt rem eveniet architecto"
}
2026-03-31 15:19:06,443 - assert_util.py - INFO - 实际返回结果：{'userId': 1, 'id': 1, 'title': 'sunt aut facere repellat provident occaecati excepturi optio reprehenderit', 'body': 'quia et suscipit\nsuscipit recusandae consequuntur expedita et cum\nreprehenderit molestiae ut ut quas totam\nnostrum rerum est autem sunt rem eveniet architecto'}
2026-03-31 15:19:06,443 - assert_util.py - INFO - 期望返回结果：{'id': 1, 'userId': 1, 'title': '存在'}
2026-03-31 15:19:06,443 - assert_util.py - INFO - title 存在，校验通过
2026-03-31 15:19:06,443 - assert_util.py - INFO - 判断全部通过
2026-03-31 15:19:06,452 - base_api.py - INFO - 请求地址：https://jsonplaceholder.typicode.com/posts/2
2026-03-31 15:19:06,452 - base_api.py - INFO - 请求方式：GET
2026-03-31 15:19:06,452 - base_api.py - INFO - 请求参数：{'headers': {'Content-Type': 'application/json'}}
2026-03-31 15:19:18,434 - base_api.py - ERROR - 请求异常：HTTPSConnectionPool(host='jsonplaceholder.typicode.com', port=443): Read timed out. (read timeout=10)
2026-03-31 15:19:19,247 - base_api.py - INFO - 请求地址：https://jsonplaceholder.typicode.com/posts
2026-03-31 15:19:19,248 - base_api.py - INFO - 请求方式：POST
2026-03-31 15:19:19,248 - base_api.py - INFO - 请求参数：{'json': {'title': 'test_hsefjsmh_1774941543', 'body': 'yczybvkz_这是测试内容', 'userId': 1}, 'headers': {'Content-Type': 'application/json'}}
2026-03-31 15:19:22,358 - base_api.py - INFO - 响应状态码：201
2026-03-31 15:19:22,359 - base_api.py - INFO - 响应结果：{
  "title": "test_hsefjsmh_1774941543",
  "body": "yczybvkz_这是测试内容",
  "userId": 1,
  "id": 101
}
2026-03-31 15:19:22,359 - test_relation.py - INFO - 状态码：201
2026-03-31 15:19:22,681 - assert_util.py - INFO - 实际返回结果：{'title': 'test_hsefjsmh_1774941543', 'body': 'yczybvkz_这是测试内容', 'userId': 1, 'id': 101}
2026-03-31 15:19:22,682 - assert_util.py - INFO - 期望返回结果：{'title': '存在'}
2026-03-31 15:19:22,682 - assert_util.py - INFO - title 存在，校验通过
2026-03-31 15:19:22,682 - assert_util.py - INFO - 判断全部通过
